探测结果文件：result.txt_201501251128.txt
Sent package num :5000
共探测IP数量：0
共得到DNS数量：382
程序开始运行时间:2015-01-25 11:28:07.803545
程序结束运行时间:2015-01-25 11:28:23.918948
程序运行时间(seconds)：16
程序运行时间(minutes)：0.27
------------------------------------------------------------------------------------------------
探测结果文件：result.txt_201501251129.txt
Sent package num :5000
共探测IP数量：3130
共得到DNS数量：1
程序开始运行时间:2015-01-25 11:29:06.870692
程序结束运行时间:2015-01-25 11:29:12.754117
程序运行时间(seconds)：5
程序运行时间(minutes)：0.08
------------------------------------------------------------------------------------------------
探测结果文件：result.txt_201501251129.txt
Sent package num :5000
共探测IP数量：3130
共得到DNS数量：71
程序开始运行时间:2015-01-25 11:29:18.943267
程序结束运行时间:2015-01-25 11:29:22.422495
程序运行时间(seconds)：3
程序运行时间(minutes)：0.05
------------------------------------------------------------------------------------------------
探测结果文件：result.txt_201501251132.txt
Sent package num :5000
共探测IP数量：166434
共得到DNS数量：1112
程序开始运行时间:2015-01-25 11:32:00.935237
程序结束运行时间:2015-01-25 11:34:18.809458
程序运行时间(seconds)：137
程序运行时间(minutes)：2.28
------------------------------------------------------------------------------------------------
探测结果文件：result.txt_201501251134.txt
Sent package num :5000
共探测IP数量：166434
共得到DNS数量：1542
程序开始运行时间:2015-01-25 11:34:56.436780
程序结束运行时间:2015-01-25 11:38:19.181750
程序运行时间(seconds)：202
程序运行时间(minutes)：3.37
------------------------------------------------------------------------------------------------
探测结果文件：result.txt_201501251240.txt
Sent package num :5000
共探测IP数量：166434
共得到DNS数量：2286
程序开始运行时间:2015-01-25 12:40:52.935137
程序结束运行时间:2015-01-25 12:46:02.378109
程序运行时间(seconds)：309
程序运行时间(minutes)：5.15
------------------------------------------------------------------------------------------------
探测结果文件：result.txt_201501251247.txt
Sent package num :5000
共探测IP数量：166434
共得到DNS数量：946
程序开始运行时间:2015-01-25 12:47:18.126056
程序结束运行时间:2015-01-25 12:49:30.182632
程序运行时间(seconds)：132
程序运行时间(minutes)：2.2
------------------------------------------------------------------------------------------------
