探测结果文件：a(201501230952).txt
Sent package num :5000
共探测IP数量：3172
共得到DNS数量：287
程序开始运行时间:2015-01-23 09:52:58.268602
程序结束运行时间:2015-01-23 09:53:01.438878
程序运行时间(seconds)：3
程序运行时间(minutes)：0.05
------------------------------------------------------------------------------------------------
探测结果文件：test_201504271050.txt
Sent package num :5000
共探测IP数量：257
共得到DNS数量：197
程序开始运行时间:2015-04-27 10:50:54.797224
程序结束运行时间:2015-04-27 10:50:57.937002
程序运行时间(seconds)：3
程序运行时间(minutes)：0.05
------------------------------------------------------------------------------------------------
探测结果文件：test_201504271101.txt
Sent package num :5000
共探测IP数量：257
共得到DNS数量：174
程序开始运行时间:2015-04-27 11:01:04.628565
程序结束运行时间:2015-04-27 11:01:09.301148
程序运行时间(seconds)：4
程序运行时间(minutes)：0.07
------------------------------------------------------------------------------------------------
探测结果文件：test_201504271101.txt
Sent package num :5000
共探测IP数量：10
共得到DNS数量：11
程序开始运行时间:2015-04-27 11:01:24.225696
程序结束运行时间:2015-04-27 11:01:27.259258
程序运行时间(seconds)：3
程序运行时间(minutes)：0.05
------------------------------------------------------------------------------------------------
探测结果文件：test_201504271102.txt
Sent package num :5000
共探测IP数量：10
共得到DNS数量：11
程序开始运行时间:2015-04-27 11:02:10.485531
程序结束运行时间:2015-04-27 11:02:13.545870
程序运行时间(seconds)：3
程序运行时间(minutes)：0.05
------------------------------------------------------------------------------------------------
探测结果文件：test_201504271102.txt
Sent package num :5000
共探测IP数量：10
共得到DNS数量：11
程序开始运行时间:2015-04-27 11:02:30.356990
程序结束运行时间:2015-04-27 11:02:33.401202
程序运行时间(seconds)：3
程序运行时间(minutes)：0.05
------------------------------------------------------------------------------------------------
探测结果文件：test_201504271103.txt
Sent package num :5000
共探测IP数量：10
共得到DNS数量：11
程序开始运行时间:2015-04-27 11:03:32.068480
程序结束运行时间:2015-04-27 11:03:35.116555
程序运行时间(seconds)：3
程序运行时间(minutes)：0.05
------------------------------------------------------------------------------------------------
探测结果文件：test_201504271103.txt
Sent package num :5000
共探测IP数量：10
共得到DNS数量：6
程序开始运行时间:2015-04-27 11:03:41.176463
程序结束运行时间:2015-04-27 11:03:46.629726
程序运行时间(seconds)：5
程序运行时间(minutes)：0.08
------------------------------------------------------------------------------------------------
探测结果文件：test_201504271106.txt
Sent package num :5000
共探测IP数量：10
共得到DNS数量：10
程序开始运行时间:2015-04-27 11:06:08.250140
程序结束运行时间:2015-04-27 11:06:43.452843
程序运行时间(seconds)：35
程序运行时间(minutes)：0.58
------------------------------------------------------------------------------------------------
