探测结果文件：SH_uni_SH_tele(201501230250).txt
共探测IP数量：671739
共得到DNS数量：129
程序开始运行时间:2015-01-23 02:50:27.584552
程序结束运行时间:2015-01-23 02:58:56.919631
程序运行时间(seconds)：509
程序运行时间(minutes)：8.48
------------------------------------------------------------------------------------------------
探测结果文件：SH_uni_SH_tele(201501230303).txt
共探测IP数量：671739
共得到DNS数量：126
程序开始运行时间:2015-01-23 03:03:39.141177
程序结束运行时间:2015-01-23 03:12:17.339511
程序运行时间(seconds)：518
程序运行时间(minutes)：8.63
------------------------------------------------------------------------------------------------
探测结果文件：SH_uni_SH_tele(201501230402).txt
共探测IP数量：671739
共得到DNS数量：116
程序开始运行时间:2015-01-23 04:02:21.369342
程序结束运行时间:2015-01-23 04:10:45.652308
程序运行时间(seconds)：504
程序运行时间(minutes)：8.4
------------------------------------------------------------------------------------------------
探测结果文件：SH_uni_SH_tele(201501230424).txt
共探测IP数量：671739
共得到DNS数量：98
程序开始运行时间:2015-01-23 04:24:34.164412
程序结束运行时间:2015-01-23 04:33:04.961679
程序运行时间(seconds)：510
程序运行时间(minutes)：8.5
------------------------------------------------------------------------------------------------
探测结果文件：SH_uni_SH_tele(201501231706).txt
共探测IP数量：671739
共得到DNS数量：183
程序开始运行时间:2015-01-23 17:06:56.650609
程序结束运行时间:2015-01-23 17:15:58.795760
程序运行时间(seconds)：542
程序运行时间(minutes)：9.03
------------------------------------------------------------------------------------------------
探测结果文件：SH_uni_SH_tele(201501231724).txt
共探测IP数量：671739
共得到DNS数量：194
程序开始运行时间:2015-01-23 17:24:33.978230
程序结束运行时间:2015-01-23 17:39:37.752892
程序运行时间(seconds)：903
程序运行时间(minutes)：15.05
------------------------------------------------------------------------------------------------
探测结果文件：SH_uni_SH_tele(201501231741).txt
共探测IP数量：671739
共得到DNS数量：204
程序开始运行时间:2015-01-23 17:41:50.407910
程序结束运行时间:2015-01-23 17:57:04.184593
程序运行时间(seconds)：913
程序运行时间(minutes)：15.22
------------------------------------------------------------------------------------------------
探测结果文件：SH_uni_SH_tele(201501231758).txt
共探测IP数量：671739
共得到DNS数量：216
程序开始运行时间:2015-01-23 17:58:36.444299
程序结束运行时间:2015-01-23 18:13:58.392202
程序运行时间(seconds)：921
程序运行时间(minutes)：15.35
------------------------------------------------------------------------------------------------
探测结果文件：SH_uni_JS_tele_201501231905.txt
Sent package num :2500
共探测IP数量：671739
共得到DNS数量：204
程序开始运行时间:2015-01-23 19:05:16.441745
程序结束运行时间:2015-01-23 19:20:29.619954
程序运行时间(seconds)：913
程序运行时间(minutes)：15.22
------------------------------------------------------------------------------------------------
探测结果文件：SH_uni_JS_tele_201501231922.txt
Sent package num :2500
共探测IP数量：671739
共得到DNS数量：242
程序开始运行时间:2015-01-23 19:22:59.528922
程序结束运行时间:2015-01-23 19:38:19.874394
程序运行时间(seconds)：920
程序运行时间(minutes)：15.33
------------------------------------------------------------------------------------------------
探测结果文件：SH_uni_JS_tele_201501231955.txt
Sent package num :2500
共探测IP数量：671739
共得到DNS数量：239
程序开始运行时间:2015-01-23 19:55:03.358605
程序结束运行时间:2015-01-23 20:10:25.842543
程序运行时间(seconds)：922
程序运行时间(minutes)：15.37
------------------------------------------------------------------------------------------------
探测结果文件：SH_uni_SH_tele_201501232016.txt
Sent package num :5000
共探测IP数量：671739
共得到DNS数量：91
程序开始运行时间:2015-01-23 20:16:47.268602
程序结束运行时间:2015-01-23 20:24:54.664815
程序运行时间(seconds)：487
程序运行时间(minutes)：8.12
------------------------------------------------------------------------------------------------
探测结果文件：SH_uni_SH_tele_201501232030.txt
Sent package num :5000
共探测IP数量：671739
共得到DNS数量：50
程序开始运行时间:2015-01-23 20:30:09.383018
程序结束运行时间:2015-01-23 20:38:12.441637
程序运行时间(seconds)：483
程序运行时间(minutes)：8.05
------------------------------------------------------------------------------------------------
探测结果文件：SH_uni_SH_tele_201501232057.txt
Sent package num :2500
共探测IP数量：671739
共得到DNS数量：96
程序开始运行时间:2015-01-23 20:57:59.103465
程序结束运行时间:2015-01-23 13:13:34.281646
程序运行时间(seconds)：58535
程序运行时间(minutes)：975.58
------------------------------------------------------------------------------------------------
探测结果文件：SH_uni_SH_tele_201501231318.txt
Sent package num :2500
共探测IP数量：671739
共得到DNS数量：109
程序开始运行时间:2015-01-23 13:18:31.447051
程序结束运行时间:2015-01-23 13:33:26.429558
程序运行时间(seconds)：894
程序运行时间(minutes)：14.9
------------------------------------------------------------------------------------------------
探测结果文件：SH_uni_SH_tele_201501231335.txt
Sent package num :2500
共探测IP数量：671739
共得到DNS数量：87
程序开始运行时间:2015-01-23 13:35:25.161317
程序结束运行时间:2015-01-23 13:50:19.001570
程序运行时间(seconds)：893
程序运行时间(minutes)：14.88
------------------------------------------------------------------------------------------------
探测结果文件：SH_uni_SH_tele_201501231351.txt
Sent package num :2500
共探测IP数量：671739
共得到DNS数量：96
程序开始运行时间:2015-01-23 13:51:34.616196
程序结束运行时间:2015-01-23 14:06:41.209146
程序运行时间(seconds)：906
程序运行时间(minutes)：15.1
------------------------------------------------------------------------------------------------
探测结果文件：SH_uni_SH_tele_201501231412.txt
Sent package num :2500
共探测IP数量：671739
共得到DNS数量：108
程序开始运行时间:2015-01-23 14:12:55.037765
程序结束运行时间:2015-01-23 14:27:52.026780
程序运行时间(seconds)：896
程序运行时间(minutes)：14.93
------------------------------------------------------------------------------------------------
探测结果文件：SH_uni_SH_tele_201501231546.txt
Sent package num :5000
共探测IP数量：671739
共得到DNS数量：63
程序开始运行时间:2015-01-23 15:46:19.828131
程序结束运行时间:2015-01-23 15:54:32.017614
程序运行时间(seconds)：492
程序运行时间(minutes)：8.2
------------------------------------------------------------------------------------------------
探测结果文件：SH_uni_SH_tele_201501231557.txt
Sent package num :5000
共探测IP数量：671739
共得到DNS数量：65
程序开始运行时间:2015-01-23 15:57:12.918008
程序结束运行时间:2015-01-23 16:05:23.086033
程序运行时间(seconds)：490
程序运行时间(minutes)：8.17
------------------------------------------------------------------------------------------------
探测结果文件：SH_uni_SH_tele_201501231610.txt
Sent package num :1000
共探测IP数量：671739
共得到DNS数量：232
程序开始运行时间:2015-01-23 16:10:57.706952
程序结束运行时间:2015-01-23 16:46:44.605008
程序运行时间(seconds)：2146
程序运行时间(minutes)：35.77
------------------------------------------------------------------------------------------------
探测结果文件：SH_uni_SH_tele_201501231653.txt
Sent package num :1000
共探测IP数量：671739
共得到DNS数量：267
程序开始运行时间:2015-01-23 16:53:46.136820
程序结束运行时间:2015-01-23 17:29:42.525326
程序运行时间(seconds)：2156
程序运行时间(minutes)：35.93
------------------------------------------------------------------------------------------------
探测结果文件：SH_uni_SH_tele_201501231739.txt
Sent package num :1000
共探测IP数量：671739
共得到DNS数量：196
程序开始运行时间:2015-01-23 17:39:04.778514
程序结束运行时间:2015-01-23 18:14:57.241538
程序运行时间(seconds)：2152
程序运行时间(minutes)：35.87
------------------------------------------------------------------------------------------------
探测结果文件：SH_uni_SH_tele_201501231817.txt
Sent package num :1000
共探测IP数量：671739
共得到DNS数量：195
程序开始运行时间:2015-01-23 18:17:04.427067
程序结束运行时间:2015-01-23 18:52:41.944098
程序运行时间(seconds)：2137
程序运行时间(minutes)：35.62
------------------------------------------------------------------------------------------------
探测结果文件：SH_uni_SH_tele_201501231903.txt
Sent package num :500
共探测IP数量：671739
共得到DNS数量：381
程序开始运行时间:2015-01-23 19:03:00.652736
程序结束运行时间:2015-01-23 20:13:21.093436
程序运行时间(seconds)：4220
程序运行时间(minutes)：70.33
------------------------------------------------------------------------------------------------
探测结果文件：sd_bj_201501281059.txt
Sent package num :5000
共探测IP数量：15636422
共得到DNS数量：2671
程序开始运行时间:2015-01-28 10:59:39.432400
程序结束运行时间:2015-01-28 14:18:21.769772
程序运行时间(seconds)：11922
程序运行时间(minutes)：198.7
------------------------------------------------------------------------------------------------
探测结果文件：SH_SH_tele_201502050836.txt
Sent package num :5000
共探测IP数量：11135651
共得到DNS数量：694
程序开始运行时间:2015-02-05 08:36:55.032386
程序结束运行时间:2015-02-05 10:53:22.261700
程序运行时间(seconds)：8187
程序运行时间(minutes)：136.45
------------------------------------------------------------------------------------------------
探测结果文件：SH_SH_tele_201502051137.txt
Sent package num :5000
共探测IP数量：11135651
共得到DNS数量：686
程序开始运行时间:2015-02-05 11:37:23.948981
程序结束运行时间:2015-02-05 13:56:02.056154
程序运行时间(seconds)：8318
程序运行时间(minutes)：138.63
------------------------------------------------------------------------------------------------
